2016-06-03 18:15:19,456 ERROR [org.springframework.test.context.TestContextManager.prepareTestInstance(TestContextManager.java:314)] Caught exception while allowing TestExecutionListener [org.springframework.test.context.support.DependencyInjectionTestExecutionListener@5bc4ba4c] to prepare test instance [test.fangcang.titanjr.service.TitanFinancialOrganServiceTest@50a302a5]
java.lang.IllegalStateException: Failed to load ApplicationContext
	at org.springframework.test.context.CacheAwareContextLoaderDelegate.loadContext(CacheAwareContextLoaderDelegate.java:99)
	at org.springframework.test.context.TestContext.getApplicationContext(TestContext.java:122)
	at org.springframework.test.context.support.DependencyInjectionTestExecutionListener.injectDependencies(DependencyInjectionTestExecutionListener.java:109)
	at org.springframework.test.context.support.DependencyInjectionTestExecutionListener.prepareTestInstance(DependencyInjectionTestExecutionListener.java:75)
	at org.springframework.test.context.TestContextManager.prepareTestInstance(TestContextManager.java:312)
	at org.springframework.test.context.junit4.SpringJUnit4ClassRunner.createTest(SpringJUnit4ClassRunner.java:211)
	at org.springframework.test.context.junit4.SpringJUnit4ClassRunner$1.runReflectiveCall(SpringJUnit4ClassRunner.java:288)
	at org.junit.internal.runners.model.ReflectiveCallable.run(ReflectiveCallable.java:15)
	at org.springframework.test.context.junit4.SpringJUnit4ClassRunner.methodBlock(SpringJUnit4ClassRunner.java:284)
	at org.springframework.test.context.junit4.SpringJUnit4ClassRunner.runChild(SpringJUnit4ClassRunner.java:231)
	at org.springframework.test.context.junit4.SpringJUnit4ClassRunner.runChild(SpringJUnit4ClassRunner.java:88)
	at org.junit.runners.ParentRunner.runChildren(ParentRunner.java:180)
	at org.junit.runners.ParentRunner.access$000(ParentRunner.java:41)
	at org.junit.runners.ParentRunner$1.evaluate(ParentRunner.java:173)
	at org.junit.internal.runners.statements.RunBefores.evaluate(RunBefores.java:28)
	at org.springframework.test.context.junit4.statements.RunBeforeTestClassCallbacks.evaluate(RunBeforeTestClassCallbacks.java:61)
	at org.junit.internal.runners.statements.RunAfters.evaluate(RunAfters.java:31)
	at org.springframework.test.context.junit4.statements.RunAfterTestClassCallbacks.evaluate(RunAfterTestClassCallbacks.java:71)
	at org.junit.runners.ParentRunner.run(ParentRunner.java:220)
	at org.springframework.test.context.junit4.SpringJUnit4ClassRunner.run(SpringJUnit4ClassRunner.java:174)
	at org.eclipse.jdt.internal.junit4.runner.JUnit4TestReference.run(JUnit4TestReference.java:50)
	at org.eclipse.jdt.internal.junit.runner.TestExecution.run(TestExecution.java:38)
	at org.eclipse.jdt.internal.junit.runner.RemoteTestRunner.runTests(RemoteTestRunner.java:467)
	at org.eclipse.jdt.internal.junit.runner.RemoteTestRunner.runTests(RemoteTestRunner.java:683)
	at org.eclipse.jdt.internal.junit.runner.RemoteTestRunner.run(RemoteTestRunner.java:390)
	at org.eclipse.jdt.internal.junit.runner.RemoteTestRunner.main(RemoteTestRunner.java:197)
Caused by: com.alibaba.dubbo.rpc.RpcException: Fail to start server(url: dubbo://192.168.1.124:20880/com.fangcang.titanjr.service.TitanFinancialOrganService?anyhost=true&application=titanjr_service_provider&channel.readonly.sent=true&codec=dubbo&dubbo=2.5.3&heartbeat=60000&interface=com.fangcang.titanjr.service.TitanFinancialOrganService&methods=validateOrg,reRegisterOrgan,bindFinancialOrgan,queryFinancialOrgan,queryOrgBindInfoByUserid,freezeFinancialOrgan,registerFinancialOrgan,queryFinancialOrganForPage,uploadFinancialOrganImages,checkFinancialOrgan&monitor=dubbo%3A%2F%2F192.168.1.124%3A2181%2Fcom.alibaba.dubbo.registry.RegistryService%3Fapplication%3Dtitanjr_service_provider%26dubbo%3D2.5.3%26pid%3D7172%26protocol%3Dregistry%26refer%3Ddubbo%253D2.5.3%2526interface%253Dcom.alibaba.dubbo.monitor.MonitorService%2526pid%253D7172%2526timestamp%253D1464948919310%26registry%3Dzookeeper%26timeout%3D10000%26timestamp%3D1464948919212&pid=7172&side=provider&timeout=20000&timestamp=1464948919222) Failed to bind NettyServer on /192.168.1.124:20880, cause: Failed to bind to: /0.0.0.0:20880
	at com.alibaba.dubbo.rpc.protocol.dubbo.DubboProtocol.createServer(DubboProtocol.java:289)
	at com.alibaba.dubbo.rpc.protocol.dubbo.DubboProtocol.openServer(DubboProtocol.java:266)
	at com.alibaba.dubbo.rpc.protocol.dubbo.DubboProtocol.export(DubboProtocol.java:253)
	at com.alibaba.dubbo.rpc.protocol.ProtocolFilterWrapper.export(ProtocolFilterWrapper.java:55)
	at com.alibaba.dubbo.rpc.protocol.ProtocolListenerWrapper.export(ProtocolListenerWrapper.java:56)
	at com.alibaba.dubbo.rpc.Protocol$Adpative.export(Protocol$Adpative.java)
	at com.alibaba.dubbo.registry.integration.RegistryProtocol.doLocalExport(RegistryProtocol.java:153)
	at com.alibaba.dubbo.registry.integration.RegistryProtocol.export(RegistryProtocol.java:107)
	at com.alibaba.dubbo.rpc.protocol.ProtocolFilterWrapper.export(ProtocolFilterWrapper.java:53)
	at com.alibaba.dubbo.rpc.protocol.ProtocolListenerWrapper.export(ProtocolListenerWrapper.java:54)
	at com.alibaba.dubbo.rpc.Protocol$Adpative.export(Protocol$Adpative.java)
	at com.alibaba.dubbo.config.ServiceConfig.doExportUrlsFor1Protocol(ServiceConfig.java:485)
	at com.alibaba.dubbo.config.ServiceConfig.doExportUrls(ServiceConfig.java:281)
	at com.alibaba.dubbo.config.ServiceConfig.doExport(ServiceConfig.java:242)
	at com.alibaba.dubbo.config.ServiceConfig.export(ServiceConfig.java:143)
	at com.alibaba.dubbo.config.spring.ServiceBean.onApplicationEvent(ServiceBean.java:109)
	at org.springframework.context.event.SimpleApplicationEventMulticaster.invokeListener(SimpleApplicationEventMulticaster.java:163)
	at org.springframework.context.event.SimpleApplicationEventMulticaster.multicastEvent(SimpleApplicationEventMulticaster.java:136)
	at org.springframework.context.support.AbstractApplicationContext.publishEvent(AbstractApplicationContext.java:381)
	at org.springframework.context.support.AbstractApplicationContext.publishEvent(AbstractApplicationContext.java:335)
	at org.springframework.context.support.AbstractApplicationContext.finishRefresh(AbstractApplicationContext.java:855)
	at org.springframework.context.support.AbstractApplicationContext.refresh(AbstractApplicationContext.java:541)
	at org.springframework.test.context.support.AbstractGenericContextLoader.loadContext(AbstractGenericContextLoader.java:120)
	at org.springframework.test.context.support.AbstractGenericContextLoader.loadContext(AbstractGenericContextLoader.java:60)
	at org.springframework.test.context.support.AbstractDelegatingSmartContextLoader.delegateLoading(AbstractDelegatingSmartContextLoader.java:100)
	at org.springframework.test.context.support.AbstractDelegatingSmartContextLoader.loadContext(AbstractDelegatingSmartContextLoader.java:248)
	at org.springframework.test.context.CacheAwareContextLoaderDelegate.loadContextInternal(CacheAwareContextLoaderDelegate.java:64)
	at org.springframework.test.context.CacheAwareContextLoaderDelegate.loadContext(CacheAwareContextLoaderDelegate.java:91)
	... 25 more
Caused by: com.alibaba.dubbo.remoting.RemotingException: Failed to bind NettyServer on /192.168.1.124:20880, cause: Failed to bind to: /0.0.0.0:20880
	at com.alibaba.dubbo.remoting.transport.AbstractServer.<init>(AbstractServer.java:72)
	at com.alibaba.dubbo.remoting.transport.netty.NettyServer.<init>(NettyServer.java:63)
	at com.alibaba.dubbo.remoting.transport.netty.NettyTransporter.bind(NettyTransporter.java:33)
	at com.alibaba.dubbo.remoting.Transporter$Adpative.bind(Transporter$Adpative.java)
	at com.alibaba.dubbo.remoting.Transporters.bind(Transporters.java:48)
	at com.alibaba.dubbo.remoting.exchange.support.header.HeaderExchanger.bind(HeaderExchanger.java:41)
	at com.alibaba.dubbo.remoting.exchange.Exchangers.bind(Exchangers.java:63)
	at com.alibaba.dubbo.rpc.protocol.dubbo.DubboProtocol.createServer(DubboProtocol.java:287)
	... 52 more
Caused by: org.jboss.netty.channel.ChannelException: Failed to bind to: /0.0.0.0:20880
	at org.jboss.netty.bootstrap.ServerBootstrap.bind(ServerBootstrap.java:303)
	at com.alibaba.dubbo.remoting.transport.netty.NettyServer.doOpen(NettyServer.java:94)
	at com.alibaba.dubbo.remoting.transport.AbstractServer.<init>(AbstractServer.java:67)
	... 59 more
Caused by: java.net.BindException: Address already in use: bind
	at sun.nio.ch.Net.bind0(Native Method)
	at sun.nio.ch.Net.bind(Net.java:444)
	at sun.nio.ch.Net.bind(Net.java:436)
	at sun.nio.ch.ServerSocketChannelImpl.bind(ServerSocketChannelImpl.java:214)
	at sun.nio.ch.ServerSocketAdaptor.bind(ServerSocketAdaptor.java:74)
	at org.jboss.netty.channel.socket.nio.NioServerSocketPipelineSink.bind(NioServerSocketPipelineSink.java:148)
	at org.jboss.netty.channel.socket.nio.NioServerSocketPipelineSink.handleServerSocket(NioServerSocketPipelineSink.java:100)
	at org.jboss.netty.channel.socket.nio.NioServerSocketPipelineSink.eventSunk(NioServerSocketPipelineSink.java:74)
	at org.jboss.netty.channel.Channels.bind(Channels.java:468)
	at org.jboss.netty.channel.AbstractChannel.bind(AbstractChannel.java:192)
	at org.jboss.netty.bootstrap.ServerBootstrap$Binder.channelOpen(ServerBootstrap.java:348)
	at org.jboss.netty.channel.Channels.fireChannelOpen(Channels.java:176)
	at org.jboss.netty.channel.socket.nio.NioServerSocketChannel.<init>(NioServerSocketChannel.java:85)
	at org.jboss.netty.channel.socket.nio.NioServerSocketChannelFactory.newChannel(NioServerSocketChannelFactory.java:142)
	at org.jboss.netty.channel.socket.nio.NioServerSocketChannelFactory.newChannel(NioServerSocketChannelFactory.java:90)
	at org.jboss.netty.bootstrap.ServerBootstrap.bind(ServerBootstrap.java:282)
	... 61 more
2016-06-03 18:15:45,367 ERROR [org.springframework.test.context.TestContextManager.prepareTestInstance(TestContextManager.java:314)] Caught exception while allowing TestExecutionListener [org.springframework.test.context.support.DependencyInjectionTestExecutionListener@4e0e6423] to prepare test instance [test.fangcang.titanjr.service.TitanFinancialOrganServiceTest@12d05dde]
java.lang.IllegalStateException: Failed to load ApplicationContext
	at org.springframework.test.context.CacheAwareContextLoaderDelegate.loadContext(CacheAwareContextLoaderDelegate.java:99)
	at org.springframework.test.context.TestContext.getApplicationContext(TestContext.java:122)
	at org.springframework.test.context.support.DependencyInjectionTestExecutionListener.injectDependencies(DependencyInjectionTestExecutionListener.java:109)
	at org.springframework.test.context.support.DependencyInjectionTestExecutionListener.prepareTestInstance(DependencyInjectionTestExecutionListener.java:75)
	at org.springframework.test.context.TestContextManager.prepareTestInstance(TestContextManager.java:312)
	at org.springframework.test.context.junit4.SpringJUnit4ClassRunner.createTest(SpringJUnit4ClassRunner.java:211)
	at org.springframework.test.context.junit4.SpringJUnit4ClassRunner$1.runReflectiveCall(SpringJUnit4ClassRunner.java:288)
	at org.junit.internal.runners.model.ReflectiveCallable.run(ReflectiveCallable.java:15)
	at org.springframework.test.context.junit4.SpringJUnit4ClassRunner.methodBlock(SpringJUnit4ClassRunner.java:284)
	at org.springframework.test.context.junit4.SpringJUnit4ClassRunner.runChild(SpringJUnit4ClassRunner.java:231)
	at org.springframework.test.context.junit4.SpringJUnit4ClassRunner.runChild(SpringJUnit4ClassRunner.java:88)
	at org.junit.runners.ParentRunner.runChildren(ParentRunner.java:180)
	at org.junit.runners.ParentRunner.access$000(ParentRunner.java:41)
	at org.junit.runners.ParentRunner$1.evaluate(ParentRunner.java:173)
	at org.junit.internal.runners.statements.RunBefores.evaluate(RunBefores.java:28)
	at org.springframework.test.context.junit4.statements.RunBeforeTestClassCallbacks.evaluate(RunBeforeTestClassCallbacks.java:61)
	at org.junit.internal.runners.statements.RunAfters.evaluate(RunAfters.java:31)
	at org.springframework.test.context.junit4.statements.RunAfterTestClassCallbacks.evaluate(RunAfterTestClassCallbacks.java:71)
	at org.junit.runners.ParentRunner.run(ParentRunner.java:220)
	at org.springframework.test.context.junit4.SpringJUnit4ClassRunner.run(SpringJUnit4ClassRunner.java:174)
	at org.eclipse.jdt.internal.junit4.runner.JUnit4TestReference.run(JUnit4TestReference.java:50)
	at org.eclipse.jdt.internal.junit.runner.TestExecution.run(TestExecution.java:38)
	at org.eclipse.jdt.internal.junit.runner.RemoteTestRunner.runTests(RemoteTestRunner.java:467)
	at org.eclipse.jdt.internal.junit.runner.RemoteTestRunner.runTests(RemoteTestRunner.java:683)
	at org.eclipse.jdt.internal.junit.runner.RemoteTestRunner.run(RemoteTestRunner.java:390)
	at org.eclipse.jdt.internal.junit.runner.RemoteTestRunner.main(RemoteTestRunner.java:197)
Caused by: com.alibaba.dubbo.rpc.RpcException: Fail to start server(url: dubbo://192.168.1.124:20880/com.fangcang.titanjr.service.TitanFinancialOrganService?anyhost=true&application=titanjr_service_provider&channel.readonly.sent=true&codec=dubbo&dubbo=2.5.3&heartbeat=60000&interface=com.fangcang.titanjr.service.TitanFinancialOrganService&methods=validateOrg,reRegisterOrgan,bindFinancialOrgan,queryFinancialOrgan,queryOrgBindInfoByUserid,freezeFinancialOrgan,queryFinancialOrganForPage,registerFinancialOrgan,uploadFinancialOrganImages,checkFinancialOrgan&monitor=dubbo%3A%2F%2F192.168.1.124%3A2181%2Fcom.alibaba.dubbo.registry.RegistryService%3Fapplication%3Dtitanjr_service_provider%26dubbo%3D2.5.3%26pid%3D8408%26protocol%3Dregistry%26refer%3Ddubbo%253D2.5.3%2526interface%253Dcom.alibaba.dubbo.monitor.MonitorService%2526pid%253D8408%2526timestamp%253D1464948945217%26registry%3Dzookeeper%26timeout%3D10000%26timestamp%3D1464948945108&pid=8408&side=provider&timeout=20000&timestamp=1464948945120) Failed to bind NettyServer on /192.168.1.124:20880, cause: Failed to bind to: /0.0.0.0:20880
	at com.alibaba.dubbo.rpc.protocol.dubbo.DubboProtocol.createServer(DubboProtocol.java:289)
	at com.alibaba.dubbo.rpc.protocol.dubbo.DubboProtocol.openServer(DubboProtocol.java:266)
	at com.alibaba.dubbo.rpc.protocol.dubbo.DubboProtocol.export(DubboProtocol.java:253)
	at com.alibaba.dubbo.rpc.protocol.ProtocolFilterWrapper.export(ProtocolFilterWrapper.java:55)
	at com.alibaba.dubbo.rpc.protocol.ProtocolListenerWrapper.export(ProtocolListenerWrapper.java:56)
	at com.alibaba.dubbo.rpc.Protocol$Adpative.export(Protocol$Adpative.java)
	at com.alibaba.dubbo.registry.integration.RegistryProtocol.doLocalExport(RegistryProtocol.java:153)
	at com.alibaba.dubbo.registry.integration.RegistryProtocol.export(RegistryProtocol.java:107)
	at com.alibaba.dubbo.rpc.protocol.ProtocolFilterWrapper.export(ProtocolFilterWrapper.java:53)
	at com.alibaba.dubbo.rpc.protocol.ProtocolListenerWrapper.export(ProtocolListenerWrapper.java:54)
	at com.alibaba.dubbo.rpc.Protocol$Adpative.export(Protocol$Adpative.java)
	at com.alibaba.dubbo.config.ServiceConfig.doExportUrlsFor1Protocol(ServiceConfig.java:485)
	at com.alibaba.dubbo.config.ServiceConfig.doExportUrls(ServiceConfig.java:281)
	at com.alibaba.dubbo.config.ServiceConfig.doExport(ServiceConfig.java:242)
	at com.alibaba.dubbo.config.ServiceConfig.export(ServiceConfig.java:143)
	at com.alibaba.dubbo.config.spring.ServiceBean.onApplicationEvent(ServiceBean.java:109)
	at org.springframework.context.event.SimpleApplicationEventMulticaster.invokeListener(SimpleApplicationEventMulticaster.java:163)
	at org.springframework.context.event.SimpleApplicationEventMulticaster.multicastEvent(SimpleApplicationEventMulticaster.java:136)
	at org.springframework.context.support.AbstractApplicationContext.publishEvent(AbstractApplicationContext.java:381)
	at org.springframework.context.support.AbstractApplicationContext.publishEvent(AbstractApplicationContext.java:335)
	at org.springframework.context.support.AbstractApplicationContext.finishRefresh(AbstractApplicationContext.java:855)
	at org.springframework.context.support.AbstractApplicationContext.refresh(AbstractApplicationContext.java:541)
	at org.springframework.test.context.support.AbstractGenericContextLoader.loadContext(AbstractGenericContextLoader.java:120)
	at org.springframework.test.context.support.AbstractGenericContextLoader.loadContext(AbstractGenericContextLoader.java:60)
	at org.springframework.test.context.support.AbstractDelegatingSmartContextLoader.delegateLoading(AbstractDelegatingSmartContextLoader.java:100)
	at org.springframework.test.context.support.AbstractDelegatingSmartContextLoader.loadContext(AbstractDelegatingSmartContextLoader.java:248)
	at org.springframework.test.context.CacheAwareContextLoaderDelegate.loadContextInternal(CacheAwareContextLoaderDelegate.java:64)
	at org.springframework.test.context.CacheAwareContextLoaderDelegate.loadContext(CacheAwareContextLoaderDelegate.java:91)
	... 25 more
Caused by: com.alibaba.dubbo.remoting.RemotingException: Failed to bind NettyServer on /192.168.1.124:20880, cause: Failed to bind to: /0.0.0.0:20880
	at com.alibaba.dubbo.remoting.transport.AbstractServer.<init>(AbstractServer.java:72)
	at com.alibaba.dubbo.remoting.transport.netty.NettyServer.<init>(NettyServer.java:63)
	at com.alibaba.dubbo.remoting.transport.netty.NettyTransporter.bind(NettyTransporter.java:33)
	at com.alibaba.dubbo.remoting.Transporter$Adpative.bind(Transporter$Adpative.java)
	at com.alibaba.dubbo.remoting.Transporters.bind(Transporters.java:48)
	at com.alibaba.dubbo.remoting.exchange.support.header.HeaderExchanger.bind(HeaderExchanger.java:41)
	at com.alibaba.dubbo.remoting.exchange.Exchangers.bind(Exchangers.java:63)
	at com.alibaba.dubbo.rpc.protocol.dubbo.DubboProtocol.createServer(DubboProtocol.java:287)
	... 52 more
Caused by: org.jboss.netty.channel.ChannelException: Failed to bind to: /0.0.0.0:20880
	at org.jboss.netty.bootstrap.ServerBootstrap.bind(ServerBootstrap.java:303)
	at com.alibaba.dubbo.remoting.transport.netty.NettyServer.doOpen(NettyServer.java:94)
	at com.alibaba.dubbo.remoting.transport.AbstractServer.<init>(AbstractServer.java:67)
	... 59 more
Caused by: java.net.BindException: Address already in use: bind
	at sun.nio.ch.Net.bind0(Native Method)
	at sun.nio.ch.Net.bind(Net.java:444)
	at sun.nio.ch.Net.bind(Net.java:436)
	at sun.nio.ch.ServerSocketChannelImpl.bind(ServerSocketChannelImpl.java:214)
	at sun.nio.ch.ServerSocketAdaptor.bind(ServerSocketAdaptor.java:74)
	at org.jboss.netty.channel.socket.nio.NioServerSocketPipelineSink.bind(NioServerSocketPipelineSink.java:148)
	at org.jboss.netty.channel.socket.nio.NioServerSocketPipelineSink.handleServerSocket(NioServerSocketPipelineSink.java:100)
	at org.jboss.netty.channel.socket.nio.NioServerSocketPipelineSink.eventSunk(NioServerSocketPipelineSink.java:74)
	at org.jboss.netty.channel.Channels.bind(Channels.java:468)
	at org.jboss.netty.channel.AbstractChannel.bind(AbstractChannel.java:192)
	at org.jboss.netty.bootstrap.ServerBootstrap$Binder.channelOpen(ServerBootstrap.java:348)
	at org.jboss.netty.channel.Channels.fireChannelOpen(Channels.java:176)
	at org.jboss.netty.channel.socket.nio.NioServerSocketChannel.<init>(NioServerSocketChannel.java:85)
	at org.jboss.netty.channel.socket.nio.NioServerSocketChannelFactory.newChannel(NioServerSocketChannelFactory.java:142)
	at org.jboss.netty.channel.socket.nio.NioServerSocketChannelFactory.newChannel(NioServerSocketChannelFactory.java:90)
	at org.jboss.netty.bootstrap.ServerBootstrap.bind(ServerBootstrap.java:282)
	... 61 more
2016-06-03 18:16:26,440 ERROR [org.springframework.test.context.TestContextManager.prepareTestInstance(TestContextManager.java:314)] Caught exception while allowing TestExecutionListener [org.springframework.test.context.support.DependencyInjectionTestExecutionListener@6527c8f6] to prepare test instance [test.fangcang.titanjr.service.TitanFinancialOrganServiceTest@16fac25c]
java.lang.IllegalStateException: Failed to load ApplicationContext
	at org.springframework.test.context.CacheAwareContextLoaderDelegate.loadContext(CacheAwareContextLoaderDelegate.java:99)
	at org.springframework.test.context.TestContext.getApplicationContext(TestContext.java:122)
	at org.springframework.test.context.support.DependencyInjectionTestExecutionListener.injectDependencies(DependencyInjectionTestExecutionListener.java:109)
	at org.springframework.test.context.support.DependencyInjectionTestExecutionListener.prepareTestInstance(DependencyInjectionTestExecutionListener.java:75)
	at org.springframework.test.context.TestContextManager.prepareTestInstance(TestContextManager.java:312)
	at org.springframework.test.context.junit4.SpringJUnit4ClassRunner.createTest(SpringJUnit4ClassRunner.java:211)
	at org.springframework.test.context.junit4.SpringJUnit4ClassRunner$1.runReflectiveCall(SpringJUnit4ClassRunner.java:288)
	at org.junit.internal.runners.model.ReflectiveCallable.run(ReflectiveCallable.java:15)
	at org.springframework.test.context.junit4.SpringJUnit4ClassRunner.methodBlock(SpringJUnit4ClassRunner.java:284)
	at org.springframework.test.context.junit4.SpringJUnit4ClassRunner.runChild(SpringJUnit4ClassRunner.java:231)
	at org.springframework.test.context.junit4.SpringJUnit4ClassRunner.runChild(SpringJUnit4ClassRunner.java:88)
	at org.junit.runners.ParentRunner.runChildren(ParentRunner.java:180)
	at org.junit.runners.ParentRunner.access$000(ParentRunner.java:41)
	at org.junit.runners.ParentRunner$1.evaluate(ParentRunner.java:173)
	at org.junit.internal.runners.statements.RunBefores.evaluate(RunBefores.java:28)
	at org.springframework.test.context.junit4.statements.RunBeforeTestClassCallbacks.evaluate(RunBeforeTestClassCallbacks.java:61)
	at org.junit.internal.runners.statements.RunAfters.evaluate(RunAfters.java:31)
	at org.springframework.test.context.junit4.statements.RunAfterTestClassCallbacks.evaluate(RunAfterTestClassCallbacks.java:71)
	at org.junit.runners.ParentRunner.run(ParentRunner.java:220)
	at org.springframework.test.context.junit4.SpringJUnit4ClassRunner.run(SpringJUnit4ClassRunner.java:174)
	at org.eclipse.jdt.internal.junit4.runner.JUnit4TestReference.run(JUnit4TestReference.java:50)
	at org.eclipse.jdt.internal.junit.runner.TestExecution.run(TestExecution.java:38)
	at org.eclipse.jdt.internal.junit.runner.RemoteTestRunner.runTests(RemoteTestRunner.java:467)
	at org.eclipse.jdt.internal.junit.runner.RemoteTestRunner.runTests(RemoteTestRunner.java:683)
	at org.eclipse.jdt.internal.junit.runner.RemoteTestRunner.run(RemoteTestRunner.java:390)
	at org.eclipse.jdt.internal.junit.runner.RemoteTestRunner.main(RemoteTestRunner.java:197)
Caused by: com.alibaba.dubbo.rpc.RpcException: Fail to start server(url: dubbo://192.168.1.124:20880/com.fangcang.titanjr.service.TitanFinancialOrganService?anyhost=true&application=titanjr_service_provider&channel.readonly.sent=true&codec=dubbo&dubbo=2.5.3&heartbeat=60000&interface=com.fangcang.titanjr.service.TitanFinancialOrganService&methods=validateOrg,reRegisterOrgan,bindFinancialOrgan,queryFinancialOrgan,queryOrgBindInfoByUserid,freezeFinancialOrgan,queryFinancialOrganForPage,registerFinancialOrgan,uploadFinancialOrganImages,checkFinancialOrgan&monitor=dubbo%3A%2F%2F192.168.1.124%3A2181%2Fcom.alibaba.dubbo.registry.RegistryService%3Fapplication%3Dtitanjr_service_provider%26dubbo%3D2.5.3%26pid%3D5012%26protocol%3Dregistry%26refer%3Ddubbo%253D2.5.3%2526interface%253Dcom.alibaba.dubbo.monitor.MonitorService%2526pid%253D5012%2526timestamp%253D1464948986285%26registry%3Dzookeeper%26timeout%3D10000%26timestamp%3D1464948986168&pid=5012&side=provider&timeout=20000&timestamp=1464948986180) Failed to bind NettyServer on /192.168.1.124:20880, cause: Failed to bind to: /0.0.0.0:20880
	at com.alibaba.dubbo.rpc.protocol.dubbo.DubboProtocol.createServer(DubboProtocol.java:289)
	at com.alibaba.dubbo.rpc.protocol.dubbo.DubboProtocol.openServer(DubboProtocol.java:266)
	at com.alibaba.dubbo.rpc.protocol.dubbo.DubboProtocol.export(DubboProtocol.java:253)
	at com.alibaba.dubbo.rpc.protocol.ProtocolListenerWrapper.export(ProtocolListenerWrapper.java:56)
	at com.alibaba.dubbo.rpc.protocol.ProtocolFilterWrapper.export(ProtocolFilterWrapper.java:55)
	at com.alibaba.dubbo.rpc.Protocol$Adpative.export(Protocol$Adpative.java)
	at com.alibaba.dubbo.registry.integration.RegistryProtocol.doLocalExport(RegistryProtocol.java:153)
	at com.alibaba.dubbo.registry.integration.RegistryProtocol.export(RegistryProtocol.java:107)
	at com.alibaba.dubbo.rpc.protocol.ProtocolListenerWrapper.export(ProtocolListenerWrapper.java:54)
	at com.alibaba.dubbo.rpc.protocol.ProtocolFilterWrapper.export(ProtocolFilterWrapper.java:53)
	at com.alibaba.dubbo.rpc.Protocol$Adpative.export(Protocol$Adpative.java)
	at com.alibaba.dubbo.config.ServiceConfig.doExportUrlsFor1Protocol(ServiceConfig.java:485)
	at com.alibaba.dubbo.config.ServiceConfig.doExportUrls(ServiceConfig.java:281)
	at com.alibaba.dubbo.config.ServiceConfig.doExport(ServiceConfig.java:242)
	at com.alibaba.dubbo.config.ServiceConfig.export(ServiceConfig.java:143)
	at com.alibaba.dubbo.config.spring.ServiceBean.onApplicationEvent(ServiceBean.java:109)
	at org.springframework.context.event.SimpleApplicationEventMulticaster.invokeListener(SimpleApplicationEventMulticaster.java:163)
	at org.springframework.context.event.SimpleApplicationEventMulticaster.multicastEvent(SimpleApplicationEventMulticaster.java:136)
	at org.springframework.context.support.AbstractApplicationContext.publishEvent(AbstractApplicationContext.java:381)
	at org.springframework.context.support.AbstractApplicationContext.publishEvent(AbstractApplicationContext.java:335)
	at org.springframework.context.support.AbstractApplicationContext.finishRefresh(AbstractApplicationContext.java:855)
	at org.springframework.context.support.AbstractApplicationContext.refresh(AbstractApplicationContext.java:541)
	at org.springframework.test.context.support.AbstractGenericContextLoader.loadContext(AbstractGenericContextLoader.java:120)
	at org.springframework.test.context.support.AbstractGenericContextLoader.loadContext(AbstractGenericContextLoader.java:60)
	at org.springframework.test.context.support.AbstractDelegatingSmartContextLoader.delegateLoading(AbstractDelegatingSmartContextLoader.java:100)
	at org.springframework.test.context.support.AbstractDelegatingSmartContextLoader.loadContext(AbstractDelegatingSmartContextLoader.java:248)
	at org.springframework.test.context.CacheAwareContextLoaderDelegate.loadContextInternal(CacheAwareContextLoaderDelegate.java:64)
	at org.springframework.test.context.CacheAwareContextLoaderDelegate.loadContext(CacheAwareContextLoaderDelegate.java:91)
	... 25 more
Caused by: com.alibaba.dubbo.remoting.RemotingException: Failed to bind NettyServer on /192.168.1.124:20880, cause: Failed to bind to: /0.0.0.0:20880
	at com.alibaba.dubbo.remoting.transport.AbstractServer.<init>(AbstractServer.java:72)
	at com.alibaba.dubbo.remoting.transport.netty.NettyServer.<init>(NettyServer.java:63)
	at com.alibaba.dubbo.remoting.transport.netty.NettyTransporter.bind(NettyTransporter.java:33)
	at com.alibaba.dubbo.remoting.Transporter$Adpative.bind(Transporter$Adpative.java)
	at com.alibaba.dubbo.remoting.Transporters.bind(Transporters.java:48)
	at com.alibaba.dubbo.remoting.exchange.support.header.HeaderExchanger.bind(HeaderExchanger.java:41)
	at com.alibaba.dubbo.remoting.exchange.Exchangers.bind(Exchangers.java:63)
	at com.alibaba.dubbo.rpc.protocol.dubbo.DubboProtocol.createServer(DubboProtocol.java:287)
	... 52 more
Caused by: org.jboss.netty.channel.ChannelException: Failed to bind to: /0.0.0.0:20880
	at org.jboss.netty.bootstrap.ServerBootstrap.bind(ServerBootstrap.java:303)
	at com.alibaba.dubbo.remoting.transport.netty.NettyServer.doOpen(NettyServer.java:94)
	at com.alibaba.dubbo.remoting.transport.AbstractServer.<init>(AbstractServer.java:67)
	... 59 more
Caused by: java.net.BindException: Address already in use: bind
	at sun.nio.ch.Net.bind0(Native Method)
	at sun.nio.ch.Net.bind(Net.java:444)
	at sun.nio.ch.Net.bind(Net.java:436)
	at sun.nio.ch.ServerSocketChannelImpl.bind(ServerSocketChannelImpl.java:214)
	at sun.nio.ch.ServerSocketAdaptor.bind(ServerSocketAdaptor.java:74)
	at org.jboss.netty.channel.socket.nio.NioServerSocketPipelineSink.bind(NioServerSocketPipelineSink.java:148)
	at org.jboss.netty.channel.socket.nio.NioServerSocketPipelineSink.handleServerSocket(NioServerSocketPipelineSink.java:100)
	at org.jboss.netty.channel.socket.nio.NioServerSocketPipelineSink.eventSunk(NioServerSocketPipelineSink.java:74)
	at org.jboss.netty.channel.Channels.bind(Channels.java:468)
	at org.jboss.netty.channel.AbstractChannel.bind(AbstractChannel.java:192)
	at org.jboss.netty.bootstrap.ServerBootstrap$Binder.channelOpen(ServerBootstrap.java:348)
	at org.jboss.netty.channel.Channels.fireChannelOpen(Channels.java:176)
	at org.jboss.netty.channel.socket.nio.NioServerSocketChannel.<init>(NioServerSocketChannel.java:85)
	at org.jboss.netty.channel.socket.nio.NioServerSocketChannelFactory.newChannel(NioServerSocketChannelFactory.java:142)
	at org.jboss.netty.channel.socket.nio.NioServerSocketChannelFactory.newChannel(NioServerSocketChannelFactory.java:90)
	at org.jboss.netty.bootstrap.ServerBootstrap.bind(ServerBootstrap.java:282)
	... 61 more
2016-06-03 18:17:43,615 ERROR [com.fangcang.titanjr.service.impl.TitanFinancialOrganServiceImpl.addOrgbingInfo(TitanFinancialOrganServiceImpl.java:445)] addOrgbingInfo error. parameter:userId[TJM10000103],merchantCode[M100000061]],orgcode[TJM10000103]]
com.fangcang.exception.DaoException: org.mybatis.spring.MyBatisSystemException: nested exception is org.apache.ibatis.reflection.ReflectionException: There is no getter for property named 'bindapplyphone' in 'class com.fangcang.titanjr.entity.TitanOrgBindinfo'
	at com.fangcang.titanjr.dao.impl.TitanOrgBindinfoDaoImpl.insert(TitanOrgBindinfoDaoImpl.java:29)
	at com.fangcang.titanjr.service.impl.TitanFinancialOrganServiceImpl.addOrgbingInfo(TitanFinancialOrganServiceImpl.java:443)
	at com.fangcang.titanjr.service.impl.TitanFinancialOrganServiceImpl.registerFromSaaS(TitanFinancialOrganServiceImpl.java:221)
	at com.fangcang.titanjr.service.impl.TitanFinancialOrganServiceImpl.registerFinancialOrgan(TitanFinancialOrganServiceImpl.java:498)
	at sun.reflect.NativeMethodAccessorImpl.invoke0(Native Method)
	at sun.reflect.NativeMethodAccessorImpl.invoke(NativeMethodAccessorImpl.java:57)
	at sun.reflect.DelegatingMethodAccessorImpl.invoke(DelegatingMethodAccessorImpl.java:43)
	at java.lang.reflect.Method.invoke(Method.java:606)
	at org.springframework.aop.support.AopUtils.invokeJoinpointUsingReflection(AopUtils.java:302)
	at org.springframework.aop.framework.ReflectiveMethodInvocation.invokeJoinpoint(ReflectiveMethodInvocation.java:190)
	at org.springframework.aop.framework.ReflectiveMethodInvocation.proceed(ReflectiveMethodInvocation.java:157)
	at org.springframework.transaction.interceptor.TransactionInterceptor$1.proceedWithInvocation(TransactionInterceptor.java:99)
	at org.springframework.transaction.interceptor.TransactionAspectSupport.invokeWithinTransaction(TransactionAspectSupport.java:281)
	at org.springframework.transaction.interceptor.TransactionInterceptor.invoke(TransactionInterceptor.java:96)
	at org.springframework.aop.framework.ReflectiveMethodInvocation.proceed(ReflectiveMethodInvocation.java:179)
	at org.springframework.aop.framework.JdkDynamicAopProxy.invoke(JdkDynamicAopProxy.java:208)
	at com.sun.proxy.$Proxy28.registerFinancialOrgan(Unknown Source)
	at test.fangcang.titanjr.service.TitanFinancialOrganServiceTest.testRegisterOrg_2_enterprise(TitanFinancialOrganServiceTest.java:177)
	at sun.reflect.NativeMethodAccessorImpl.invoke0(Native Method)
	at sun.reflect.NativeMethodAccessorImpl.invoke(NativeMethodAccessorImpl.java:57)
	at sun.reflect.DelegatingMethodAccessorImpl.invoke(DelegatingMethodAccessorImpl.java:43)
	at java.lang.reflect.Method.invoke(Method.java:606)
	at org.junit.runners.model.FrameworkMethod$1.runReflectiveCall(FrameworkMethod.java:44)
	at org.junit.internal.runners.model.ReflectiveCallable.run(ReflectiveCallable.java:15)
	at org.junit.runners.model.FrameworkMethod.invokeExplosively(FrameworkMethod.java:41)
	at org.junit.internal.runners.statements.InvokeMethod.evaluate(InvokeMethod.java:20)
	at org.junit.internal.runners.statements.RunBefores.evaluate(RunBefores.java:28)
	at org.springframework.test.context.junit4.statements.RunBeforeTestMethodCallbacks.evaluate(RunBeforeTestMethodCallbacks.java:74)
	at org.junit.internal.runners.statements.RunAfters.evaluate(RunAfters.java:31)
	at org.springframework.test.context.junit4.statements.RunAfterTestMethodCallbacks.evaluate(RunAfterTestMethodCallbacks.java:83)
	at org.springframework.test.context.junit4.statements.SpringRepeat.evaluate(SpringRepeat.java:72)
	at org.springframework.test.context.junit4.SpringJUnit4ClassRunner.runChild(SpringJUnit4ClassRunner.java:231)
	at org.springframework.test.context.junit4.SpringJUnit4ClassRunner.runChild(SpringJUnit4ClassRunner.java:88)
	at org.junit.runners.ParentRunner.runChildren(ParentRunner.java:180)
	at org.junit.runners.ParentRunner.access$000(ParentRunner.java:41)
	at org.junit.runners.ParentRunner$1.evaluate(ParentRunner.java:173)
	at org.junit.internal.runners.statements.RunBefores.evaluate(RunBefores.java:28)
	at org.springframework.test.context.junit4.statements.RunBeforeTestClassCallbacks.evaluate(RunBeforeTestClassCallbacks.java:61)
	at org.junit.internal.runners.statements.RunAfters.evaluate(RunAfters.java:31)
	at org.springframework.test.context.junit4.statements.RunAfterTestClassCallbacks.evaluate(RunAfterTestClassCallbacks.java:71)
	at org.junit.runners.ParentRunner.run(ParentRunner.java:220)
	at org.springframework.test.context.junit4.SpringJUnit4ClassRunner.run(SpringJUnit4ClassRunner.java:174)
	at org.eclipse.jdt.internal.junit4.runner.JUnit4TestReference.run(JUnit4TestReference.java:50)
	at org.eclipse.jdt.internal.junit.runner.TestExecution.run(TestExecution.java:38)
	at org.eclipse.jdt.internal.junit.runner.RemoteTestRunner.runTests(RemoteTestRunner.java:467)
	at org.eclipse.jdt.internal.junit.runner.RemoteTestRunner.runTests(RemoteTestRunner.java:683)
	at org.eclipse.jdt.internal.junit.runner.RemoteTestRunner.run(RemoteTestRunner.java:390)
	at org.eclipse.jdt.internal.junit.runner.RemoteTestRunner.main(RemoteTestRunner.java:197)
Caused by: org.mybatis.spring.MyBatisSystemException: nested exception is org.apache.ibatis.reflection.ReflectionException: There is no getter for property named 'bindapplyphone' in 'class com.fangcang.titanjr.entity.TitanOrgBindinfo'
	at org.mybatis.spring.MyBatisExceptionTranslator.translateExceptionIfPossible(MyBatisExceptionTranslator.java:75)
	at org.mybatis.spring.SqlSessionTemplate$SqlSessionInterceptor.invoke(SqlSessionTemplate.java:371)
	at com.sun.proxy.$Proxy13.insert(Unknown Source)
	at org.mybatis.spring.SqlSessionTemplate.insert(SqlSessionTemplate.java:240)
	at com.fangcang.corenut.dao.impl.GenericDAOMyBatisImpl.insertEntity(GenericDAOMyBatisImpl.java:23)
	at com.fangcang.titanjr.dao.impl.TitanOrgBindinfoDaoImpl.insert(TitanOrgBindinfoDaoImpl.java:27)
	... 47 more
Caused by: org.apache.ibatis.reflection.ReflectionException: There is no getter for property named 'bindapplyphone' in 'class com.fangcang.titanjr.entity.TitanOrgBindinfo'
	at org.apache.ibatis.reflection.Reflector.getGetInvoker(Reflector.java:381)
	at org.apache.ibatis.reflection.MetaClass.getGetInvoker(MetaClass.java:164)
	at org.apache.ibatis.reflection.wrapper.BeanWrapper.getBeanProperty(BeanWrapper.java:162)
	at org.apache.ibatis.reflection.wrapper.BeanWrapper.get(BeanWrapper.java:49)
	at org.apache.ibatis.reflection.MetaObject.getValue(MetaObject.java:122)
	at org.apache.ibatis.scripting.defaults.DefaultParameterHandler.setParameters(DefaultParameterHandler.java:79)
	at org.apache.ibatis.executor.statement.PreparedStatementHandler.parameterize(PreparedStatementHandler.java:85)
	at org.apache.ibatis.executor.statement.RoutingStatementHandler.parameterize(RoutingStatementHandler.java:63)
	at org.apache.ibatis.executor.SimpleExecutor.prepareStatement(SimpleExecutor.java:77)
	at org.apache.ibatis.executor.SimpleExecutor.doUpdate(SimpleExecutor.java:48)
	at org.apache.ibatis.executor.BaseExecutor.update(BaseExecutor.java:115)
	at org.apache.ibatis.executor.CachingExecutor.update(CachingExecutor.java:75)
	at sun.reflect.NativeMethodAccessorImpl.invoke0(Native Method)
	at sun.reflect.NativeMethodAccessorImpl.invoke(NativeMethodAccessorImpl.java:57)
	at sun.reflect.DelegatingMethodAccessorImpl.invoke(DelegatingMethodAccessorImpl.java:43)
	at java.lang.reflect.Method.invoke(Method.java:606)
	at org.apache.ibatis.plugin.Plugin.invoke(Plugin.java:63)
	at com.sun.proxy.$Proxy45.update(Unknown Source)
	at org.apache.ibatis.session.defaults.DefaultSqlSession.update(DefaultSqlSession.java:170)
	at org.apache.ibatis.session.defaults.DefaultSqlSession.insert(DefaultSqlSession.java:157)
	at sun.reflect.NativeMethodAccessorImpl.invoke0(Native Method)
	at sun.reflect.NativeMethodAccessorImpl.invoke(NativeMethodAccessorImpl.java:57)
	at sun.reflect.DelegatingMethodAccessorImpl.invoke(DelegatingMethodAccessorImpl.java:43)
	at java.lang.reflect.Method.invoke(Method.java:606)
	at org.mybatis.spring.SqlSessionTemplate$SqlSessionInterceptor.invoke(SqlSessionTemplate.java:358)
	... 51 more
2016-06-12 19:52:19,472 ERROR [com.Rop.api.internal.util.RopLogger._logCommError(RopLogger.java:144)] 2016-06-12 19:52:19^_^null^_^null^_^192.168.1.124^_^Windows 8^_^Rop-sdk-java-20111009^_^https://100.98.167.90:30002/ropapi^_^^_^Connection timed out: connect
2016-06-12 19:53:48,553 ERROR [com.Rop.api.internal.util.RopLogger._logCommError(RopLogger.java:144)] 2016-06-12 19:53:48^_^null^_^null^_^192.168.1.124^_^Windows 8^_^Rop-sdk-java-20111009^_^https://100.98.167.90:30002/ropapi^_^^_^Connection timed out: connect
2016-06-12 19:55:18,044 ERROR [com.Rop.api.internal.util.RopLogger._logCommError(RopLogger.java:144)] 2016-06-12 19:55:18^_^null^_^null^_^192.168.1.124^_^Windows 8^_^Rop-sdk-java-20111009^_^https://100.98.167.90:30002/ropapi^_^^_^Connection timed out: connect
2016-06-12 20:00:58,969 ERROR [com.Rop.api.internal.util.RopLogger._logCommError(RopLogger.java:144)] 2016-06-12 20:00:58^_^null^_^null^_^192.168.1.124^_^Windows 8^_^Rop-sdk-java-20111009^_^https://100.98.167.90:30002/ropapi^_^^_^Connection timed out: connect
2016-06-12 20:05:57,285 ERROR [com.Rop.api.internal.util.RopLogger._logCommError(RopLogger.java:144)] 2016-06-12 20:05:57^_^null^_^null^_^192.168.1.124^_^Windows 8^_^Rop-sdk-java-20111009^_^https://100.98.167.90:30002/ropapi^_^^_^Connection timed out: connect
2016-06-12 20:25:15,593 ERROR [com.Rop.api.internal.util.RopLogger._logCommError(RopLogger.java:144)] 2016-06-12 20:25:15^_^null^_^null^_^192.168.1.124^_^Windows 8^_^Rop-sdk-java-20111009^_^https://100.98.167.90:30002/ropapi^_^^_^Connection timed out: connect
2016-06-13 10:55:12,820 ERROR [com.Rop.api.internal.util.RopLogger._logCommError(RopLogger.java:144)] 2016-06-13 10:55:12^_^null^_^null^_^192.168.1.124^_^Windows 8^_^Rop-sdk-java-20111009^_^https://100.98.167.90:30002/ropapi^_^^_^Connection timed out: connect
2016-06-13 11:34:13,395 ERROR [org.springframework.test.context.TestContextManager.prepareTestInstance(TestContextManager.java:314)] Caught exception while allowing TestExecutionListener [org.springframework.test.context.support.DependencyInjectionTestExecutionListener@5f798997] to prepare test instance [test.fangcang.titanjr.service.TitanFinancialSendSMSServiceTest@24384979]
java.lang.IllegalStateException: Failed to load ApplicationContext
	at org.springframework.test.context.CacheAwareContextLoaderDelegate.loadContext(CacheAwareContextLoaderDelegate.java:99)
	at org.springframework.test.context.TestContext.getApplicationContext(TestContext.java:122)
	at org.springframework.test.context.support.DependencyInjectionTestExecutionListener.injectDependencies(DependencyInjectionTestExecutionListener.java:109)
	at org.springframework.test.context.support.DependencyInjectionTestExecutionListener.prepareTestInstance(DependencyInjectionTestExecutionListener.java:75)
	at org.springframework.test.context.TestContextManager.prepareTestInstance(TestContextManager.java:312)
	at org.springframework.test.context.junit4.SpringJUnit4ClassRunner.createTest(SpringJUnit4ClassRunner.java:211)
	at org.springframework.test.context.junit4.SpringJUnit4ClassRunner$1.runReflectiveCall(SpringJUnit4ClassRunner.java:288)
	at org.junit.internal.runners.model.ReflectiveCallable.run(ReflectiveCallable.java:15)
	at org.springframework.test.context.junit4.SpringJUnit4ClassRunner.methodBlock(SpringJUnit4ClassRunner.java:284)
	at org.springframework.test.context.junit4.SpringJUnit4ClassRunner.runChild(SpringJUnit4ClassRunner.java:231)
	at org.springframework.test.context.junit4.SpringJUnit4ClassRunner.runChild(SpringJUnit4ClassRunner.java:88)
	at org.junit.runners.ParentRunner.runChildren(ParentRunner.java:180)
	at org.junit.runners.ParentRunner.access$000(ParentRunner.java:41)
	at org.junit.runners.ParentRunner$1.evaluate(ParentRunner.java:173)
	at org.junit.internal.runners.statements.RunBefores.evaluate(RunBefores.java:28)
	at org.springframework.test.context.junit4.statements.RunBeforeTestClassCallbacks.evaluate(RunBeforeTestClassCallbacks.java:61)
	at org.junit.internal.runners.statements.RunAfters.evaluate(RunAfters.java:31)
	at org.springframework.test.context.junit4.statements.RunAfterTestClassCallbacks.evaluate(RunAfterTestClassCallbacks.java:71)
	at org.junit.runners.ParentRunner.run(ParentRunner.java:220)
	at org.springframework.test.context.junit4.SpringJUnit4ClassRunner.run(SpringJUnit4ClassRunner.java:174)
	at org.eclipse.jdt.internal.junit4.runner.JUnit4TestReference.run(JUnit4TestReference.java:50)
	at org.eclipse.jdt.internal.junit.runner.TestExecution.run(TestExecution.java:38)
	at org.eclipse.jdt.internal.junit.runner.RemoteTestRunner.runTests(RemoteTestRunner.java:467)
	at org.eclipse.jdt.internal.junit.runner.RemoteTestRunner.runTests(RemoteTestRunner.java:683)
	at org.eclipse.jdt.internal.junit.runner.RemoteTestRunner.run(RemoteTestRunner.java:390)
	at org.eclipse.jdt.internal.junit.runner.RemoteTestRunner.main(RemoteTestRunner.java:197)
Caused by: org.springframework.beans.factory.BeanCreationException: Error creating bean with name 'com.fangcang.titanjr.service.TitanFinancialSendSMSService': Cannot resolve reference to bean 'titanFinancialSendSMSService' while setting bean property 'ref'; nested exception is org.springframework.beans.factory.BeanCreationException: Error creating bean with name 'titanFinancialSendSMSService': Injection of autowired dependencies failed; nested exception is org.springframework.beans.factory.BeanCreationException: Could not autowire field: private java.lang.String com.fangcang.titanjr.service.impl.TitanFinancialSendSMSServiceImpl.EMAIL_PROVIDER_SERVER_HOST; nested exception is java.lang.IllegalArgumentException: Could not resolve placeholder 'leaguecheck.email.server' in string value "${leaguecheck.email.server}"
	at org.springframework.beans.factory.support.BeanDefinitionValueResolver.resolveReference(BeanDefinitionValueResolver.java:359)
	at org.springframework.beans.factory.support.BeanDefinitionValueResolver.resolveValueIfNecessary(BeanDefinitionValueResolver.java:108)
	at org.springframework.beans.factory.support.AbstractAutowireCapableBeanFactory.applyPropertyValues(AbstractAutowireCapableBeanFactory.java:1481)
	at org.springframework.beans.factory.support.AbstractAutowireCapableBeanFactory.populateBean(AbstractAutowireCapableBeanFactory.java:1226)
	at org.springframework.beans.factory.support.AbstractAutowireCapableBeanFactory.doCreateBean(AbstractAutowireCapableBeanFactory.java:543)
	at org.springframework.beans.factory.support.AbstractAutowireCapableBeanFactory.createBean(AbstractAutowireCapableBeanFactory.java:482)
	at org.springframework.beans.factory.support.AbstractBeanFactory$1.getObject(AbstractBeanFactory.java:306)
	at org.springframework.beans.factory.support.DefaultSingletonBeanRegistry.getSingleton(DefaultSingletonBeanRegistry.java:230)
	at org.springframework.beans.factory.support.AbstractBeanFactory.doGetBean(AbstractBeanFactory.java:302)
	at org.springframework.beans.factory.support.AbstractBeanFactory.getBean(AbstractBeanFactory.java:197)
	at org.springframework.beans.factory.support.DefaultListableBeanFactory.preInstantiateSingletons(DefaultListableBeanFactory.java:772)
	at org.springframework.context.support.AbstractApplicationContext.finishBeanFactoryInitialization(AbstractApplicationContext.java:839)
	at org.springframework.context.support.AbstractApplicationContext.refresh(AbstractApplicationContext.java:538)
	at org.springframework.test.context.support.AbstractGenericContextLoader.loadContext(AbstractGenericContextLoader.java:120)
	at org.springframework.test.context.support.AbstractGenericContextLoader.loadContext(AbstractGenericContextLoader.java:60)
	at org.springframework.test.context.support.AbstractDelegatingSmartContextLoader.delegateLoading(AbstractDelegatingSmartContextLoader.java:100)
	at org.springframework.test.context.support.AbstractDelegatingSmartContextLoader.loadContext(AbstractDelegatingSmartContextLoader.java:248)
	at org.springframework.test.context.CacheAwareContextLoaderDelegate.loadContextInternal(CacheAwareContextLoaderDelegate.java:64)
	at org.springframework.test.context.CacheAwareContextLoaderDelegate.loadContext(CacheAwareContextLoaderDelegate.java:91)
	... 25 more
Caused by: org.springframework.beans.factory.BeanCreationException: Error creating bean with name 'titanFinancialSendSMSService': Injection of autowired dependencies failed; nested exception is org.springframework.beans.factory.BeanCreationException: Could not autowire field: private java.lang.String com.fangcang.titanjr.service.impl.TitanFinancialSendSMSServiceImpl.EMAIL_PROVIDER_SERVER_HOST; nested exception is java.lang.IllegalArgumentException: Could not resolve placeholder 'leaguecheck.email.server' in string value "${leaguecheck.email.server}"
	at org.springframework.beans.factory.annotation.AutowiredAnnotationBeanPostProcessor.postProcessPropertyValues(AutowiredAnnotationBeanPostProcessor.java:334)
	at org.springframework.beans.factory.support.AbstractAutowireCapableBeanFactory.populateBean(AbstractAutowireCapableBeanFactory.java:1214)
	at org.springframework.beans.factory.support.AbstractAutowireCapableBeanFactory.doCreateBean(AbstractAutowireCapableBeanFactory.java:543)
	at org.springframework.beans.factory.support.AbstractAutowireCapableBeanFactory.createBean(AbstractAutowireCapableBeanFactory.java:482)
	at org.springframework.beans.factory.support.AbstractBeanFactory$1.getObject(AbstractBeanFactory.java:306)
	at org.springframework.beans.factory.support.DefaultSingletonBeanRegistry.getSingleton(DefaultSingletonBeanRegistry.java:230)
	at org.springframework.beans.factory.support.AbstractBeanFactory.doGetBean(AbstractBeanFactory.java:302)
	at org.springframework.beans.factory.support.AbstractBeanFactory.getBean(AbstractBeanFactory.java:197)
	at org.springframework.beans.factory.support.BeanDefinitionValueResolver.resolveReference(BeanDefinitionValueResolver.java:351)
	... 43 more
Caused by: org.springframework.beans.factory.BeanCreationException: Could not autowire field: private java.lang.String com.fangcang.titanjr.service.impl.TitanFinancialSendSMSServiceImpl.EMAIL_PROVIDER_SERVER_HOST; nested exception is java.lang.IllegalArgumentException: Could not resolve placeholder 'leaguecheck.email.server' in string value "${leaguecheck.email.server}"
	at org.springframework.beans.factory.annotation.AutowiredAnnotationBeanPostProcessor$AutowiredFieldElement.inject(AutowiredAnnotationBeanPostProcessor.java:573)
	at org.springframework.beans.factory.annotation.InjectionMetadata.inject(InjectionMetadata.java:88)
	at org.springframework.beans.factory.annotation.AutowiredAnnotationBeanPostProcessor.postProcessPropertyValues(AutowiredAnnotationBeanPostProcessor.java:331)
	... 51 more
Caused by: java.lang.IllegalArgumentException: Could not resolve placeholder 'leaguecheck.email.server' in string value "${leaguecheck.email.server}"
	at org.springframework.util.PropertyPlaceholderHelper.parseStringValue(PropertyPlaceholderHelper.java:174)
	at org.springframework.util.PropertyPlaceholderHelper.replacePlaceholders(PropertyPlaceholderHelper.java:126)
	at org.springframework.beans.factory.config.PropertyPlaceholderConfigurer$PlaceholderResolvingStringValueResolver.resolveStringValue(PropertyPlaceholderConfigurer.java:258)
	at org.springframework.beans.factory.support.AbstractBeanFactory.resolveEmbeddedValue(AbstractBeanFactory.java:808)
	at org.springframework.beans.factory.support.DefaultListableBeanFactory.doResolveDependency(DefaultListableBeanFactory.java:1027)
	at org.springframework.beans.factory.support.DefaultListableBeanFactory.resolveDependency(DefaultListableBeanFactory.java:1014)
	at org.springframework.beans.factory.annotation.AutowiredAnnotationBeanPostProcessor$AutowiredFieldElement.inject(AutowiredAnnotationBeanPostProcessor.java:545)
	... 53 more
2016-06-13 11:36:42,502 ERROR [org.springframework.test.context.TestContextManager.prepareTestInstance(TestContextManager.java:314)] Caught exception while allowing TestExecutionListener [org.springframework.test.context.support.DependencyInjectionTestExecutionListener@24384979] to prepare test instance [test.fangcang.titanjr.service.TitanFinancialSendSMSServiceTest@6b5fb982]
java.lang.IllegalStateException: Failed to load ApplicationContext
	at org.springframework.test.context.CacheAwareContextLoaderDelegate.loadContext(CacheAwareContextLoaderDelegate.java:99)
	at org.springframework.test.context.TestContext.getApplicationContext(TestContext.java:122)
	at org.springframework.test.context.support.DependencyInjectionTestExecutionListener.injectDependencies(DependencyInjectionTestExecutionListener.java:109)
	at org.springframework.test.context.support.DependencyInjectionTestExecutionListener.prepareTestInstance(DependencyInjectionTestExecutionListener.java:75)
	at org.springframework.test.context.TestContextManager.prepareTestInstance(TestContextManager.java:312)
	at org.springframework.test.context.junit4.SpringJUnit4ClassRunner.createTest(SpringJUnit4ClassRunner.java:211)
	at org.springframework.test.context.junit4.SpringJUnit4ClassRunner$1.runReflectiveCall(SpringJUnit4ClassRunner.java:288)
	at org.junit.internal.runners.model.ReflectiveCallable.run(ReflectiveCallable.java:15)
	at org.springframework.test.context.junit4.SpringJUnit4ClassRunner.methodBlock(SpringJUnit4ClassRunner.java:284)
	at org.springframework.test.context.junit4.SpringJUnit4ClassRunner.runChild(SpringJUnit4ClassRunner.java:231)
	at org.springframework.test.context.junit4.SpringJUnit4ClassRunner.runChild(SpringJUnit4ClassRunner.java:88)
	at org.junit.runners.ParentRunner.runChildren(ParentRunner.java:180)
	at org.junit.runners.ParentRunner.access$000(ParentRunner.java:41)
	at org.junit.runners.ParentRunner$1.evaluate(ParentRunner.java:173)
	at org.junit.internal.runners.statements.RunBefores.evaluate(RunBefores.java:28)
	at org.springframework.test.context.junit4.statements.RunBeforeTestClassCallbacks.evaluate(RunBeforeTestClassCallbacks.java:61)
	at org.junit.internal.runners.statements.RunAfters.evaluate(RunAfters.java:31)
	at org.springframework.test.context.junit4.statements.RunAfterTestClassCallbacks.evaluate(RunAfterTestClassCallbacks.java:71)
	at org.junit.runners.ParentRunner.run(ParentRunner.java:220)
	at org.springframework.test.context.junit4.SpringJUnit4ClassRunner.run(SpringJUnit4ClassRunner.java:174)
	at org.eclipse.jdt.internal.junit4.runner.JUnit4TestReference.run(JUnit4TestReference.java:50)
	at org.eclipse.jdt.internal.junit.runner.TestExecution.run(TestExecution.java:38)
	at org.eclipse.jdt.internal.junit.runner.RemoteTestRunner.runTests(RemoteTestRunner.java:467)
	at org.eclipse.jdt.internal.junit.runner.RemoteTestRunner.runTests(RemoteTestRunner.java:683)
	at org.eclipse.jdt.internal.junit.runner.RemoteTestRunner.run(RemoteTestRunner.java:390)
	at org.eclipse.jdt.internal.junit.runner.RemoteTestRunner.main(RemoteTestRunner.java:197)
Caused by: org.springframework.beans.factory.BeanCreationException: Error creating bean with name 'com.fangcang.titanjr.service.TitanFinancialSendSMSService': Cannot resolve reference to bean 'titanFinancialSendSMSService' while setting bean property 'ref'; nested exception is org.springframework.beans.factory.BeanCreationException: Error creating bean with name 'titanFinancialSendSMSService': Injection of autowired dependencies failed; nested exception is org.springframework.beans.factory.BeanCreationException: Could not autowire field: private java.lang.String com.fangcang.titanjr.service.impl.TitanFinancialSendSMSServiceImpl.EMAIL_PROVIDER_SERVER_HOST; nested exception is java.lang.IllegalArgumentException: Could not resolve placeholder 'leaguecheck.email.server1' in string value "${leaguecheck.email.server1}"
	at org.springframework.beans.factory.support.BeanDefinitionValueResolver.resolveReference(BeanDefinitionValueResolver.java:359)
	at org.springframework.beans.factory.support.BeanDefinitionValueResolver.resolveValueIfNecessary(BeanDefinitionValueResolver.java:108)
	at org.springframework.beans.factory.support.AbstractAutowireCapableBeanFactory.applyPropertyValues(AbstractAutowireCapableBeanFactory.java:1481)
	at org.springframework.beans.factory.support.AbstractAutowireCapableBeanFactory.populateBean(AbstractAutowireCapableBeanFactory.java:1226)
	at org.springframework.beans.factory.support.AbstractAutowireCapableBeanFactory.doCreateBean(AbstractAutowireCapableBeanFactory.java:543)
	at org.springframework.beans.factory.support.AbstractAutowireCapableBeanFactory.createBean(AbstractAutowireCapableBeanFactory.java:482)
	at org.springframework.beans.factory.support.AbstractBeanFactory$1.getObject(AbstractBeanFactory.java:306)
	at org.springframework.beans.factory.support.DefaultSingletonBeanRegistry.getSingleton(DefaultSingletonBeanRegistry.java:230)
	at org.springframework.beans.factory.support.AbstractBeanFactory.doGetBean(AbstractBeanFactory.java:302)
	at org.springframework.beans.factory.support.AbstractBeanFactory.getBean(AbstractBeanFactory.java:197)
	at org.springframework.beans.factory.support.DefaultListableBeanFactory.preInstantiateSingletons(DefaultListableBeanFactory.java:772)
	at org.springframework.context.support.AbstractApplicationContext.finishBeanFactoryInitialization(AbstractApplicationContext.java:839)
	at org.springframework.context.support.AbstractApplicationContext.refresh(AbstractApplicationContext.java:538)
	at org.springframework.test.context.support.AbstractGenericContextLoader.loadContext(AbstractGenericContextLoader.java:120)
	at org.springframework.test.context.support.AbstractGenericContextLoader.loadContext(AbstractGenericContextLoader.java:60)
	at org.springframework.test.context.support.AbstractDelegatingSmartContextLoader.delegateLoading(AbstractDelegatingSmartContextLoader.java:100)
	at org.springframework.test.context.support.AbstractDelegatingSmartContextLoader.loadContext(AbstractDelegatingSmartContextLoader.java:248)
	at org.springframework.test.context.CacheAwareContextLoaderDelegate.loadContextInternal(CacheAwareContextLoaderDelegate.java:64)
	at org.springframework.test.context.CacheAwareContextLoaderDelegate.loadContext(CacheAwareContextLoaderDelegate.java:91)
	... 25 more
Caused by: org.springframework.beans.factory.BeanCreationException: Error creating bean with name 'titanFinancialSendSMSService': Injection of autowired dependencies failed; nested exception is org.springframework.beans.factory.BeanCreationException: Could not autowire field: private java.lang.String com.fangcang.titanjr.service.impl.TitanFinancialSendSMSServiceImpl.EMAIL_PROVIDER_SERVER_HOST; nested exception is java.lang.IllegalArgumentException: Could not resolve placeholder 'leaguecheck.email.server1' in string value "${leaguecheck.email.server1}"
	at org.springframework.beans.factory.annotation.AutowiredAnnotationBeanPostProcessor.postProcessPropertyValues(AutowiredAnnotationBeanPostProcessor.java:334)
	at org.springframework.beans.factory.support.AbstractAutowireCapableBeanFactory.populateBean(AbstractAutowireCapableBeanFactory.java:1214)
	at org.springframework.beans.factory.support.AbstractAutowireCapableBeanFactory.doCreateBean(AbstractAutowireCapableBeanFactory.java:543)
	at org.springframework.beans.factory.support.AbstractAutowireCapableBeanFactory.createBean(AbstractAutowireCapableBeanFactory.java:482)
	at org.springframework.beans.factory.support.AbstractBeanFactory$1.getObject(AbstractBeanFactory.java:306)
	at org.springframework.beans.factory.support.DefaultSingletonBeanRegistry.getSingleton(DefaultSingletonBeanRegistry.java:230)
	at org.springframework.beans.factory.support.AbstractBeanFactory.doGetBean(AbstractBeanFactory.java:302)
	at org.springframework.beans.factory.support.AbstractBeanFactory.getBean(AbstractBeanFactory.java:197)
	at org.springframework.beans.factory.support.BeanDefinitionValueResolver.resolveReference(BeanDefinitionValueResolver.java:351)
	... 43 more
Caused by: org.springframework.beans.factory.BeanCreationException: Could not autowire field: private java.lang.String com.fangcang.titanjr.service.impl.TitanFinancialSendSMSServiceImpl.EMAIL_PROVIDER_SERVER_HOST; nested exception is java.lang.IllegalArgumentException: Could not resolve placeholder 'leaguecheck.email.server1' in string value "${leaguecheck.email.server1}"
	at org.springframework.beans.factory.annotation.AutowiredAnnotationBeanPostProcessor$AutowiredFieldElement.inject(AutowiredAnnotationBeanPostProcessor.java:573)
	at org.springframework.beans.factory.annotation.InjectionMetadata.inject(InjectionMetadata.java:88)
	at org.springframework.beans.factory.annotation.AutowiredAnnotationBeanPostProcessor.postProcessPropertyValues(AutowiredAnnotationBeanPostProcessor.java:331)
	... 51 more
Caused by: java.lang.IllegalArgumentException: Could not resolve placeholder 'leaguecheck.email.server1' in string value "${leaguecheck.email.server1}"
	at org.springframework.util.PropertyPlaceholderHelper.parseStringValue(PropertyPlaceholderHelper.java:174)
	at org.springframework.util.PropertyPlaceholderHelper.replacePlaceholders(PropertyPlaceholderHelper.java:126)
	at org.springframework.beans.factory.config.PropertyPlaceholderConfigurer$PlaceholderResolvingStringValueResolver.resolveStringValue(PropertyPlaceholderConfigurer.java:258)
	at org.springframework.beans.factory.support.AbstractBeanFactory.resolveEmbeddedValue(AbstractBeanFactory.java:808)
	at org.springframework.beans.factory.support.DefaultListableBeanFactory.doResolveDependency(DefaultListableBeanFactory.java:1027)
	at org.springframework.beans.factory.support.DefaultListableBeanFactory.resolveDependency(DefaultListableBeanFactory.java:1014)
	at org.springframework.beans.factory.annotation.AutowiredAnnotationBeanPostProcessor$AutowiredFieldElement.inject(AutowiredAnnotationBeanPostProcessor.java:545)
	... 53 more
2016-06-13 11:43:26,640 ERROR [com.Rop.api.internal.util.RopLogger._logCommError(RopLogger.java:144)] 2016-06-13 11:43:26^_^null^_^null^_^192.168.1.124^_^Windows 8^_^Rop-sdk-java-20111009^_^https://100.98.167.90:30002/ropapi^_^^_^Connection timed out: connect
2016-06-13 11:43:26,663 ERROR [com.Rop.api.internal.util.RopLogger._logCommError(RopLogger.java:144)] 2016-06-13 11:43:26^_^null^_^null^_^192.168.1.124^_^Windows 8^_^Rop-sdk-java-20111009^_^https://alhzerlc.api.open.ruixuesoft.com:30002/ropapi^_^^_^alhzerlc.api.open.ruixuesoft.com
2016-06-13 11:43:29,226 ERROR [com.fangcang.titanjr.service.impl.TitanFinancialSendSMSServiceImpl.sendRegCode(TitanFinancialSendSMSServiceImpl.java:114)] ,sendEmailRequest:null
com.fangcang.exception.ServiceException: 
	at com.fangcang.message.email.provider.EmailSender.send(EmailSender.java:108)
	at com.fangcang.message.email.service.impl.EmailSendServiceImpl.send(EmailSendServiceImpl.java:31)
	at sun.reflect.GeneratedMethodAccessor276.invoke(Unknown Source)
	at sun.reflect.DelegatingMethodAccessorImpl.invoke(DelegatingMethodAccessorImpl.java:25)
	at java.lang.reflect.Method.invoke(Method.java:597)
	at org.springframework.aop.support.AopUtils.invokeJoinpointUsingReflection(AopUtils.java:307)
	at org.springframework.aop.framework.ReflectiveMethodInvocation.invokeJoinpoint(ReflectiveMethodInvocation.java:182)
	at org.springframework.aop.framework.ReflectiveMethodInvocation.proceed(ReflectiveMethodInvocation.java:149)
	at org.springframework.remoting.support.RemoteInvocationTraceInterceptor.invoke(RemoteInvocationTraceInterceptor.java:77)
	at org.springframework.aop.framework.ReflectiveMethodInvocation.proceed(ReflectiveMethodInvocation.java:171)
	at org.springframework.aop.framework.JdkDynamicAopProxy.invoke(JdkDynamicAopProxy.java:204)
	at com.sun.proxy.$Proxy312.send(Unknown Source)
	at sun.reflect.GeneratedMethodAccessor276.invoke(Unknown Source)
	at sun.reflect.DelegatingMethodAccessorImpl.invoke(DelegatingMethodAccessorImpl.java:25)
	at java.lang.reflect.Method.invoke(Method.java:597)
	at com.caucho.hessian.server.HessianSkeleton.invoke(HessianSkeleton.java:180)
	at com.caucho.hessian.server.HessianSkeleton.invoke(HessianSkeleton.java:109)
	at org.springframework.remoting.caucho.Hessian2SkeletonInvoker.invoke(Hessian2SkeletonInvoker.java:94)
	at org.springframework.remoting.caucho.HessianExporter.invoke(HessianExporter.java:142)
	at org.springframework.remoting.caucho.HessianServiceExporter.handleRequest(HessianServiceExporter.java:70)
	at org.springframework.web.servlet.mvc.HttpRequestHandlerAdapter.handle(HttpRequestHandlerAdapter.java:49)
	at org.springframework.web.servlet.DispatcherServlet.doDispatch(DispatcherServlet.java:875)
	at org.springframework.web.servlet.DispatcherServlet.doService(DispatcherServlet.java:807)
	at org.springframework.web.servlet.FrameworkServlet.processRequest(FrameworkServlet.java:571)
	at org.springframework.web.servlet.FrameworkServlet.doPost(FrameworkServlet.java:511)
	at javax.servlet.http.HttpServlet.service(HttpServlet.java:710)
	at javax.servlet.http.HttpServlet.service(HttpServlet.java:803)
	at org.apache.catalina.core.ApplicationFilterChain.internalDoFilter(ApplicationFilterChain.java:290)
	at org.apache.catalina.core.ApplicationFilterChain.doFilter(ApplicationFilterChain.java:206)
	at org.jboss.web.tomcat.filters.ReplyHeaderFilter.doFilter(ReplyHeaderFilter.java:96)
	at org.apache.catalina.core.ApplicationFilterChain.internalDoFilter(ApplicationFilterChain.java:235)
	at org.apache.catalina.core.ApplicationFilterChain.doFilter(ApplicationFilterChain.java:206)
	at org.apache.catalina.core.StandardWrapperValve.invoke(StandardWrapperValve.java:230)
	at org.apache.catalina.core.StandardContextValve.invoke(StandardContextValve.java:175)
	at org.jboss.web.tomcat.security.SecurityAssociationValve.invoke(SecurityAssociationValve.java:182)
	at org.jboss.web.tomcat.security.JaccContextValve.invoke(JaccContextValve.java:84)
	at org.apache.catalina.core.StandardHostValve.invoke(StandardHostValve.java:127)
	at org.apache.catalina.valves.ErrorReportValve.invoke(ErrorReportValve.java:102)
	at org.jboss.web.tomcat.service.jca.CachedConnectionValve.invoke(CachedConnectionValve.java:157)
	at org.apache.catalina.core.StandardEngineValve.invoke(StandardEngineValve.java:109)
	at org.apache.catalina.connector.CoyoteAdapter.service(CoyoteAdapter.java:262)
	at org.apache.coyote.http11.Http11Processor.process(Http11Processor.java:844)
	at org.apache.coyote.http11.Http11Protocol$Http11ConnectionHandler.process(Http11Protocol.java:583)
	at org.apache.tomcat.util.net.JIoEndpoint$Worker.run(JIoEndpoint.java:446)
	at java.lang.Thread.run(Thread.java:662)
Caused by: java.lang.Throwable: 535 Error: authentication failed, system busy

	at com.sun.mail.smtp.SMTPTransport$Authenticator.authenticate(SMTPTransport.java:826)
	at com.sun.mail.smtp.SMTPTransport.authenticate(SMTPTransport.java:761)
	at com.sun.mail.smtp.SMTPTransport.protocolConnect(SMTPTransport.java:685)
	at javax.mail.Service.connect(Service.java:317)
	at javax.mail.Service.connect(Service.java:176)
	at javax.mail.Service.connect(Service.java:125)
	at javax.mail.Transport.send0(Transport.java:194)
	at javax.mail.Transport.send(Transport.java:124)
	at com.fangcang.message.email.provider.EmailSender.send(EmailSender.java:102)
	... 44 more
2016-06-13 12:01:05,451 ERROR [com.Rop.api.internal.util.RopLogger._logCommError(RopLogger.java:144)] 2016-06-13 12:01:05^_^null^_^null^_^192.168.1.124^_^Windows 8^_^Rop-sdk-java-20111009^_^https://100.98.167.90:30002/ropapi^_^^_^Connection timed out: connect
2016-06-13 12:03:16,360 ERROR [com.Rop.api.internal.util.RopLogger._logCommError(RopLogger.java:144)] 2016-06-13 12:03:16^_^null^_^null^_^192.168.1.124^_^Windows 8^_^Rop-sdk-java-20111009^_^https://100.98.167.90:30002/ropapi^_^^_^Connection timed out: connect
2016-06-13 12:04:49,790 ERROR [com.Rop.api.internal.util.RopLogger._logCommError(RopLogger.java:144)] 2016-06-13 12:04:49^_^null^_^null^_^192.168.1.124^_^Windows 8^_^Rop-sdk-java-20111009^_^https://100.98.167.90:30002/ropapi^_^^_^Connection timed out: connect
2016-06-13 13:56:28,666 ERROR [com.Rop.api.internal.util.RopLogger._logCommError(RopLogger.java:144)] 2016-06-13 13:56:28^_^null^_^null^_^192.168.1.124^_^Windows 8^_^Rop-sdk-java-20111009^_^https://100.98.167.90:30002/ropapi^_^^_^Connection timed out: connect
2016-06-13 13:56:28,681 ERROR [com.Rop.api.internal.util.RopLogger._logCommError(RopLogger.java:144)] 2016-06-13 13:56:28^_^null^_^null^_^192.168.1.124^_^Windows 8^_^Rop-sdk-java-20111009^_^https://alhzerlc.api.open.ruixuesoft.com:30002/ropapi^_^^_^alhzerlc.api.open.ruixuesoft.com
2016-06-13 13:58:00,426 ERROR [com.Rop.api.internal.util.RopLogger._logCommError(RopLogger.java:144)] 2016-06-13 13:58:00^_^null^_^null^_^192.168.1.124^_^Windows 8^_^Rop-sdk-java-20111009^_^https://100.98.167.90:30002/ropapi^_^^_^Connection timed out: connect
2016-06-13 13:58:00,586 ERROR [com.Rop.api.internal.util.RopLogger._logCommError(RopLogger.java:144)] 2016-06-13 13:58:00^_^null^_^null^_^192.168.1.124^_^Windows 8^_^Rop-sdk-java-20111009^_^https://alhzerlc.api.open.ruixuesoft.com:30002/ropapi^_^^_^alhzerlc.api.open.ruixuesoft.com
2016-06-13 14:12:23,790 ERROR [com.Rop.api.internal.util.RopLogger._logCommError(RopLogger.java:144)] 2016-06-13 14:12:23^_^null^_^null^_^192.168.1.124^_^Windows 8^_^Rop-sdk-java-20111009^_^https://100.98.167.90:30002/ropapi^_^^_^Connection timed out: connect
2016-06-13 14:15:18,754 ERROR [com.Rop.api.internal.util.RopLogger._logCommError(RopLogger.java:144)] 2016-06-13 14:15:18^_^null^_^null^_^192.168.1.124^_^Windows 8^_^Rop-sdk-java-20111009^_^https://100.98.167.90:30002/ropapi^_^^_^Connection timed out: connect
2016-07-01 16:23:53,546 ERROR [com.Rop.api.internal.util.RopLogger._logCommError(RopLogger.java:144)] 2016-07-01 16:23:53^_^null^_^null^_^192.168.1.124^_^Windows 8^_^Rop-sdk-java-20111009^_^https://100.98.167.90:30002/ropapi^_^^_^Connection timed out: connect
2016-07-01 16:25:46,045 ERROR [com.Rop.api.internal.util.RopLogger._logCommError(RopLogger.java:144)] 2016-07-01 16:25:46^_^null^_^null^_^192.168.1.124^_^Windows 8^_^Rop-sdk-java-20111009^_^https://100.98.167.90:30002/ropapi^_^^_^Connection timed out: connect
2016-07-01 16:26:59,142 ERROR [com.Rop.api.internal.util.RopLogger._logCommError(RopLogger.java:144)] 2016-07-01 16:26:59^_^null^_^null^_^192.168.1.124^_^Windows 8^_^Rop-sdk-java-20111009^_^https://100.98.167.90:30002/ropapi^_^^_^Connection timed out: connect
2016-07-01 16:27:52,592 ERROR [com.Rop.api.internal.util.RopLogger._logCommError(RopLogger.java:144)] 2016-07-01 16:27:52^_^null^_^null^_^192.168.1.124^_^Windows 8^_^Rop-sdk-java-20111009^_^https://100.98.167.90:30002/ropapi^_^^_^Connection timed out: connect
